Running SLURM prolog script on pink51.cluster.local
===============================================================================
Job started on Sat Apr  1 00:33:16 BST 2023
Job ID          : 2974511
Job name        : alpha_train.slurm
WorkDir         : /mainfs/lyceum/ik3g20/Multi-modal-Information-extraction-on-product-images-from-auction-websites/V2_Code
Command         : /mainfs/lyceum/ik3g20/Multi-modal-Information-extraction-on-product-images-from-auction-websites/V2_Code/slurm_runs/alpha_train.slurm
Partition       : lyceum
Num hosts       : 1
Num cores       : 2
Num of tasks    : 1
Hosts allocated : pink51
Job Output Follows ...
===============================================================================
==============================================================================
Running epilogue script on pink51.

Submit time  : 2023-03-31T10:59:22
Start time   : 2023-04-01T00:33:15
End time     : 2023-04-01T00:34:36
Elapsed time : 00:01:21 (Timelimit=2-12:00:00)

Job ID: 2974511
Cluster: i5
User/Group: ik3g20/fp
State: FAILED (exit code 1)
Nodes: 1
Cores per node: 2
CPU Utilized: 00:00:57
CPU Efficiency: 35.19% of 00:02:42 core-walltime
Job Wall-clock time: 00:01:21
Memory Utilized: 1.58 GB
Memory Efficiency: 2.64% of 60.00 GB

