Running SLURM prolog script on pink52.cluster.local
===============================================================================
Job started on Thu Mar 30 13:17:13 BST 2023
Job ID          : 2972226
Job name        : alpha_train.slurm
WorkDir         : /mainfs/lyceum/ik3g20/Multi-modal-Information-extraction-on-product-images-from-auction-websites/V2_Code
Command         : /mainfs/lyceum/ik3g20/Multi-modal-Information-extraction-on-product-images-from-auction-websites/V2_Code/slurm_runs/alpha_train.slurm
Partition       : lyceum
Num hosts       : 1
Num cores       : 2
Num of tasks    : 1
Hosts allocated : pink52
Job Output Follows ...
===============================================================================
Warning: File Already Exits! Continuing to next step...
=====(Epoch 1)=====
Batch 0.0 ==> Batch Loss :: 2927.59228515625 | Duration :: 0:04:42.856159
Batch 2.0 ==> Batch Loss :: 13621.5703125 | Duration :: 0:04:41.292252
Batch 4.0 ==> Batch Loss :: 3618.625732421875 | Duration :: 0:04:40.456397
Batch 6.0 ==> Batch Loss :: 5941.59716796875 | Duration :: 0:04:43.007674
Batch 8.0 ==> Batch Loss :: 9190.314453125 | Duration :: 0:04:40.412787
Batch 10.0 ==> Batch Loss :: 5753.90625 | Duration :: 0:04:41.736212
==============================================================================
Running epilogue script on pink52.

Submit time  : 2023-03-30T13:17:12
Start time   : 2023-03-30T13:17:13
End time     : 2023-03-30T14:17:19
Elapsed time : 01:00:06 (Timelimit=01:00:00)

Job ID: 2972226
Cluster: i5
User/Group: ik3g20/fp
State: TIMEOUT (exit code 0)
Nodes: 1
Cores per node: 2
CPU Utilized: 00:00:01
CPU Efficiency: 0.01% of 02:00:12 core-walltime
Job Wall-clock time: 01:00:06
Memory Utilized: 25.00 GB
Memory Efficiency: 41.66% of 60.00 GB

