Running SLURM prolog script on pink60.cluster.local
===============================================================================
Job started on Wed Mar 29 19:22:21 BST 2023
Job ID          : 2967545
Job name        : alpha_train.slurm
WorkDir         : /mainfs/lyceum/ik3g20/Multi-modal-Information-extraction-on-product-images-from-auction-websites/V2_Code
Command         : /mainfs/lyceum/ik3g20/Multi-modal-Information-extraction-on-product-images-from-auction-websites/V2_Code/slurm_runs/alpha_train.slurm
Partition       : lyceum
Num hosts       : 1
Num cores       : 2
Num of tasks    : 1
Hosts allocated : pink60
Job Output Follows ...
===============================================================================
Warning: File Already Exits! Continuing to next step...
=====(Epoch 1)=====
Batch 0.0 ==> Batch Loss :: 2971.703125 | Duration :: 0:04:40.546631
Batch 2.0 ==> Batch Loss :: 58299.9375 | Duration :: 0:04:39.147619
Batch 4.0 ==> Batch Loss :: 2578.768310546875 | Duration :: 0:04:41.167501
Batch 6.0 ==> Batch Loss :: 12796.97265625 | Duration :: 0:04:39.936288
Batch 8.0 ==> Batch Loss :: 3637.521240234375 | Duration :: 0:04:41.109873
Batch 10.0 ==> Batch Loss :: 5506.02783203125 | Duration :: 0:04:39.470632
Batch 12.0 ==> Batch Loss :: 12077.275390625 | Duration :: 0:04:39.961077
Batch 14.0 ==> Batch Loss :: 4501.13818359375 | Duration :: 0:04:39.511468
Batch 16.0 ==> Batch Loss :: 4393.8564453125 | Duration :: 0:04:41.198679
Batch 18.0 ==> Batch Loss :: 3138.418212890625 | Duration :: 0:04:38.651980
Batch 20.0 ==> Batch Loss :: 2723.960693359375 | Duration :: 0:04:38.591797
Batch 22.0 ==> Batch Loss :: 3753.810546875 | Duration :: 0:04:38.567270
Batch 24.0 ==> Batch Loss :: 2953.1162109375 | Duration :: 0:04:40.517654
Batch 26.0 ==> Batch Loss :: 3179.632568359375 | Duration :: 0:04:37.812381
Batch 28.0 ==> Batch Loss :: 3405.9638671875 | Duration :: 0:04:37.077286
Batch 30.0 ==> Batch Loss :: 2811.528564453125 | Duration :: 0:04:37.144237
Batch 32.0 ==> Batch Loss :: 2545.995849609375 | Duration :: 0:04:37.419156
Batch 34.0 ==> Batch Loss :: 3099.40283203125 | Duration :: 0:04:37.393331
Batch 36.0 ==> Batch Loss :: 2903.37744140625 | Duration :: 0:04:35.959876
==============================================================================
Running epilogue script on pink60.

Submit time  : 2023-03-29T19:22:20
Start time   : 2023-03-29T19:22:21
End time     : 2023-03-29T22:22:46
Elapsed time : 03:00:25 (Timelimit=03:00:00)

Job ID: 2967545
Cluster: i5
User/Group: ik3g20/fp
State: TIMEOUT (exit code 0)
Nodes: 1
Cores per node: 2
CPU Utilized: 00:00:01
CPU Efficiency: 0.00% of 06:00:50 core-walltime
Job Wall-clock time: 03:00:25
Memory Utilized: 25.10 GB
Memory Efficiency: 642.45% of 3.91 GB

