Running SLURM prolog script on pink57.cluster.local
===============================================================================
Job started on Wed Mar 29 17:52:56 BST 2023
Job ID          : 2962634
Job name        : voc2007_download.slurm
WorkDir         : /mainfs/lyceum/ik3g20/Multi-modal-Information-extraction-on-product-images-from-auction-websites/V2_Code
Command         : /mainfs/lyceum/ik3g20/Multi-modal-Information-extraction-on-product-images-from-auction-websites/V2_Code/slurm_runs/voc2007_download.slurm
Partition       : lyceum
Num hosts       : 1
Num cores       : 2
Num of tasks    : 1
Hosts allocated : pink57
Job Output Follows ...
===============================================================================
/lyceum/ik3g20/Multi-modal-Information-extraction-on-product-images-from-auction-websites/V2_Code
==============================================================================
Running epilogue script on pink57.

Submit time  : 2023-03-29T17:52:56
Start time   : 2023-03-29T17:52:56
End time     : 2023-03-29T17:53:50
Elapsed time : 00:00:54 (Timelimit=01:00:00)

Job ID: 2962634
Cluster: i5
User/Group: ik3g20/fp
State: FAILED (exit code 1)
Nodes: 1
Cores per node: 2
CPU Utilized: 00:00:07
CPU Efficiency: 6.48% of 00:01:48 core-walltime
Job Wall-clock time: 00:00:54
Memory Utilized: 223.85 MB
Memory Efficiency: 5.60% of 3.91 GB

